=== CITY WEATHER STATISTICS REPORT ===

City Averages:
  Temperature : 11.62 °C
  Humidity    : 73.62 %

============================================================

Sensor: SENSOR01
  Active time_quantum: 9566
  Time range         : 09:26:30 → 23:59:55
  Valid records      : Temp=8409 | Hum=8499
  Temperature (°C)   : avg=11.21, min=0.0, max=21.4, std=2.83
  Humidity (%)       : avg=74.74, min=0.0, max=95.1, std=13.67
--------------------------------------------------
Sensor: SENSOR02
  Active time_quantum: 9600
  Time range         : 09:26:20 → 23:59:55
  Valid records      : Temp=8498 | Hum=8478
  Temperature (°C)   : avg=11.02, min=0.0, max=22.2, std=2.86
  Humidity (%)       : avg=76.76, min=0.0, max=99.9, std=14.11
--------------------------------------------------
Sensor: SENSOR03
  Active time_quantum: 6
  Time range         : 09:27:50 → 09:29:45
  Valid records      : Temp=6 | Hum=5
  Temperature (°C)   : avg=21.07, min=21.0, max=21.2, std=0.07
  Humidity (%)       : avg=68.56, min=67.6, max=70.0, std=0.93
--------------------------------------------------
Sensor: SENSOR04
  Active time_quantum: 9532
  Time range         : 09:28:45 → 23:59:55
  Valid records      : Temp=8360 | Hum=8433
  Temperature (°C)   : avg=11.26, min=0.0, max=22.0, std=2.79
  Humidity (%)       : avg=74.43, min=0.0, max=94.6, std=13.56
--------------------------------------------------
Sensor: SENSOR05
  Active time_quantum: 0
  Time range         : None → None
  Valid records      : Temp=0 | Hum=0
  Temperature (°C)   : avg=None, min=None, max=None, std=None
  Humidity (%)       : avg=None, min=None, max=None, std=None
--------------------------------------------------
Sensor: SENSOR06
  Active time_quantum: 9539
  Time range         : 09:31:55 → 23:59:55
  Valid records      : Temp=8449 | Hum=8375
  Temperature (°C)   : avg=10.71, min=0.0, max=22.5, std=2.54
  Humidity (%)       : avg=75.71, min=0.0, max=99.9, std=15.09
--------------------------------------------------
Sensor: SENSOR07
  Active time_quantum: 9533
  Time range         : 09:33:35 → 23:59:55
  Valid records      : Temp=8375 | Hum=8412
  Temperature (°C)   : avg=11.27, min=0.0, max=22.8, std=2.57
  Humidity (%)       : avg=77.57, min=0.0, max=98.1, std=14.59
--------------------------------------------------
Sensor: SENSOR08
  Active time_quantum: 9504
  Time range         : 09:35:25 → 23:59:55
  Valid records      : Temp=8314 | Hum=8393
  Temperature (°C)   : avg=14.28, min=0.0, max=22.3, std=2.66
  Humidity (%)       : avg=62.48, min=0.0, max=84.1, std=11.74
--------------------------------------------------
Sensor: SENSOR09
  Active time_quantum: 0
  Time range         : None → None
  Valid records      : Temp=0 | Hum=0
  Temperature (°C)   : avg=None, min=None, max=None, std=None
  Humidity (%)       : avg=None, min=None, max=None, std=None
--------------------------------------------------
