Batch Processing Report
Generated: 2025-12-19 20:13:36
Days: 01, 02, 03, 04, 05, 06, 07, 08, 09, 10
Sensors: 1, 2, 3, 4, 5, 6, 7, 8, 9
============================================================


Day 01 (01.09.2024):
  Sensor 1: EMPTY (no data)
  Sensor 2: EMPTY (no data)
  Sensor 3: EMPTY (no data)
  Sensor 4: EMPTY (no data)
  Sensor 5: EMPTY (no data)
  Sensor 6: EMPTY (no data)
  Sensor 7: EMPTY (no data)
  Sensor 8: EMPTY (no data)
  Sensor 9: EMPTY (no data)
  Summary: 0/9 with data

Day 02 (02.09.2024):
  Sensor 1: SUCCESS (10482 rows)
  Sensor 2: SUCCESS (10484 rows)
  Sensor 3: SUCCESS (6 rows)
  Sensor 4: SUCCESS (10455 rows)
  Sensor 5: EMPTY (no data)
  Sensor 6: SUCCESS (10417 rows)
  Sensor 7: SUCCESS (10398 rows)
  Sensor 8: SUCCESS (10375 rows)
  Sensor 9: EMPTY (no data)
  Summary: 7/9 with data

Day 03 (03.09.2024):
  Sensor 1: SUCCESS (17280 rows)
  Sensor 2: SUCCESS (17280 rows)
  Sensor 3: EMPTY (no data)
  Sensor 4: SUCCESS (17280 rows)
  Sensor 5: EMPTY (no data)
  Sensor 6: SUCCESS (17280 rows)
  Sensor 7: SUCCESS (17280 rows)
  Sensor 8: SUCCESS (17280 rows)
  Sensor 9: EMPTY (no data)
  Summary: 6/9 with data

Day 04 (04.09.2024):
  Sensor 1: SUCCESS (17280 rows)
  Sensor 2: SUCCESS (17280 rows)
  Sensor 3: EMPTY (no data)
  Sensor 4: SUCCESS (17280 rows)
  Sensor 5: EMPTY (no data)
  Sensor 6: SUCCESS (17280 rows)
  Sensor 7: SUCCESS (17280 rows)
  Sensor 8: SUCCESS (17280 rows)
  Sensor 9: EMPTY (no data)
  Summary: 6/9 with data

Day 05 (05.09.2024):
  Sensor 1: SUCCESS (17280 rows)
  Sensor 2: SUCCESS (17280 rows)
  Sensor 3: EMPTY (no data)
  Sensor 4: SUCCESS (17280 rows)
  Sensor 5: EMPTY (no data)
  Sensor 6: SUCCESS (17280 rows)
  Sensor 7: SUCCESS (17280 rows)
  Sensor 8: SUCCESS (17280 rows)
  Sensor 9: EMPTY (no data)
  Summary: 6/9 with data

Day 06 (06.09.2024):
  Sensor 1: SUCCESS (17280 rows)
  Sensor 2: SUCCESS (17280 rows)
  Sensor 3: SUCCESS (7104 rows)
  Sensor 4: SUCCESS (17280 rows)
  Sensor 5: EMPTY (no data)
  Sensor 6: SUCCESS (17280 rows)
  Sensor 7: SUCCESS (17280 rows)
  Sensor 8: SUCCESS (17280 rows)
  Sensor 9: EMPTY (no data)
  Summary: 7/9 with data

Day 07 (07.09.2024):
  Sensor 1: SUCCESS (17280 rows)
  Sensor 2: SUCCESS (17280 rows)
  Sensor 3: SUCCESS (17280 rows)
  Sensor 4: SUCCESS (17280 rows)
  Sensor 5: EMPTY (no data)
  Sensor 6: SUCCESS (17280 rows)
  Sensor 7: SUCCESS (17280 rows)
  Sensor 8: SUCCESS (17280 rows)
  Sensor 9: EMPTY (no data)
  Summary: 7/9 with data

Day 08 (08.09.2024):
  Sensor 1: SUCCESS (17280 rows)
  Sensor 2: SUCCESS (17280 rows)
  Sensor 3: SUCCESS (17280 rows)
  Sensor 4: SUCCESS (17280 rows)
  Sensor 5: EMPTY (no data)
  Sensor 6: SUCCESS (17280 rows)
  Sensor 7: SUCCESS (17280 rows)
  Sensor 8: SUCCESS (17280 rows)
  Sensor 9: EMPTY (no data)
  Summary: 7/9 with data

Day 09 (09.09.2024):
  Sensor 1: SUCCESS (16314 rows)
  Sensor 2: SUCCESS (17280 rows)
  Sensor 3: SUCCESS (17280 rows)
  Sensor 4: SUCCESS (17280 rows)
  Sensor 5: SUCCESS (5601 rows)
  Sensor 6: SUCCESS (17280 rows)
  Sensor 7: SUCCESS (17280 rows)
  Sensor 8: SUCCESS (17280 rows)
  Sensor 9: SUCCESS (7200 rows)
  Summary: 9/9 with data

Day 10 (10.09.2024):
  Sensor 1: SUCCESS (17280 rows)
  Sensor 2: SUCCESS (17280 rows)
  Sensor 3: SUCCESS (17280 rows)
  Sensor 4: SUCCESS (17280 rows)
  Sensor 5: SUCCESS (17280 rows)
  Sensor 6: SUCCESS (17280 rows)
  Sensor 7: SUCCESS (17280 rows)
  Sensor 8: SUCCESS (17280 rows)
  Sensor 9: SUCCESS (17280 rows)
  Summary: 9/9 with data

============================================================
FINAL SUMMARY
============================================================
Total days processed: 10
Total sensors per day: 9
Total output files: 90
Files with data: 64
Empty files: 26
Data coverage: 71.1%

Day-by-day breakdown:
  Day 01: 0/9 (0.0%)
  Day 02: 7/9 (77.8%)
  Day 03: 6/9 (66.7%)
  Day 04: 6/9 (66.7%)
  Day 05: 6/9 (66.7%)
  Day 06: 7/9 (77.8%)
  Day 07: 7/9 (77.8%)
  Day 08: 7/9 (77.8%)
  Day 09: 9/9 (100.0%)
  Day 10: 9/9 (100.0%)
